[0915/165307:ERROR:process_reader_win.cc(233)] ReadMemory at 0xaf5000 of 45056 bytes failed: Only part of a ReadProcessMemory or WriteProcessMemory request was completed. (0x12B)
[0915/165307:ERROR:crash_report_exception_handler.cc(98)] WriteEverything failed
[0915/165307:ERROR:scoped_process_suspend.cc(38)] NtResumeProcess: An attempt was made to access an exiting process.  (0xc000010a)
[0917/235323:ERROR:process_reader_win.cc(142)] SuspendThread: Access is denied. (0x5)
[0917/235323:ERROR:exception_snapshot_win.cc(87)] thread ID 2576 not found in process
[0917/235323:WARNING:crash_report_exception_handler.cc(56)] ProcessSnapshotWin::Initialize failed
[0917/235323:ERROR:scoped_process_suspend.cc(38)] NtResumeProcess: An attempt was made to access an exiting process.  (0xc000010a)
[0919/173503:ERROR:process_reader_win.cc(142)] SuspendThread: Access is denied. (0x5)
[0919/173503:ERROR:process_reader_win.cc(114)] NtOpenThread: An invalid Client ID was specified.  (0xc000000b)
[0919/173503:ERROR:process_reader_win.cc(142)] SuspendThread: Access is denied. (0x5)
[0919/173503:ERROR:process_reader_win.cc(114)] NtOpenThread: An invalid Client ID was specified.  (0xc000000b)
[0919/173503:ERROR:process_reader_win.cc(114)] NtOpenThread: An invalid Client ID was specified.  (0xc000000b)
[0919/173503:ERROR:process_reader_win.cc(114)] NtOpenThread: An invalid Client ID was specified.  (0xc000000b)
[0919/173503:ERROR:process_reader_win.cc(114)] NtOpenThread: An invalid Client ID was specified.  (0xc000000b)
[0919/173503:ERROR:process_reader_win.cc(114)] NtOpenThread: An invalid Client ID was specified.  (0xc000000b)
[0919/173503:ERROR:process_reader_win.cc(114)] NtOpenThread: An invalid Client ID was specified.  (0xc000000b)
[0919/173503:ERROR:process_reader_win.cc(114)] NtOpenThread: An invalid Client ID was specified.  (0xc000000b)
[0919/173503:ERROR:process_reader_win.cc(114)] NtOpenThread: An invalid Client ID was specified.  (0xc000000b)
[0919/173503:ERROR:process_reader_win.cc(114)] NtOpenThread: An invalid Client ID was specified.  (0xc000000b)
[0919/173503:ERROR:process_reader_win.cc(114)] NtOpenThread: An invalid Client ID was specified.  (0xc000000b)
[0919/173503:ERROR:process_reader_win.cc(114)] NtOpenThread: An invalid Client ID was specified.  (0xc000000b)
[0919/173503:ERROR:process_reader_win.cc(114)] NtOpenThread: An invalid Client ID was specified.  (0xc000000b)
[0919/173503:ERROR:exception_snapshot_win.cc(87)] thread ID 11316 not found in process
[0919/173503:WARNING:crash_report_exception_handler.cc(56)] ProcessSnapshotWin::Initialize failed
[0919/173503:ERROR:scoped_process_suspend.cc(38)] NtResumeProcess: An attempt was made to access an exiting process.  (0xc000010a)
