0 info it worked if it ends with ok
1 verbose cli [ '/usr/local/Cellar/node/6.7.0/bin/node',
1 verbose cli   '/usr/local/bin/npm',
1 verbose cli   'run',
1 verbose cli   'dev' ]
2 info using npm@3.10.7
3 info using node@v6.7.0
4 verbose run-script [ 'predev', 'dev', 'postdev' ]
5 info lifecycle neograph-old@1.0.0~predev: neograph-old@1.0.0
6 verbose lifecycle neograph-old@1.0.0~predev: unsafe-perm in lifecycle true
7 verbose lifecycle neograph-old@1.0.0~predev: PATH: /usr/local/lib/node_modules/npm/bin/node-gyp-bin:/Users/julian/Documents/dev/neograph/angular/node_modules/.bin:/usr/local/Cellar/node/6.7.0/bin:/usr/local/bin:/usr/bin:/bin:/usr/sbin:/sbin:/Applications/neo4j/bin
8 verbose lifecycle neograph-old@1.0.0~predev: CWD: /Users/julian/Documents/dev/neograph/angular
9 silly lifecycle neograph-old@1.0.0~predev: Args: [ '-c', 'gulp build' ]
10 silly lifecycle neograph-old@1.0.0~predev: Returned: code: 0  signal: null
11 info lifecycle neograph-old@1.0.0~dev: neograph-old@1.0.0
12 verbose lifecycle neograph-old@1.0.0~dev: unsafe-perm in lifecycle true
13 verbose lifecycle neograph-old@1.0.0~dev: PATH: /usr/local/lib/node_modules/npm/bin/node-gyp-bin:/Users/julian/Documents/dev/neograph/angular/node_modules/.bin:/usr/local/Cellar/node/6.7.0/bin:/usr/local/bin:/usr/bin:/bin:/usr/sbin:/sbin:/Applications/neo4j/bin
14 verbose lifecycle neograph-old@1.0.0~dev: CWD: /Users/julian/Documents/dev/neograph/angular
15 silly lifecycle neograph-old@1.0.0~dev: Args: [ '-c', 'gulp watch' ]
16 silly lifecycle neograph-old@1.0.0~dev: Returned: code: 1  signal: null
17 info lifecycle neograph-old@1.0.0~dev: Failed to exec dev script
18 verbose stack Error: neograph-old@1.0.0 dev: `gulp watch`
18 verbose stack Exit status 1
18 verbose stack     at EventEmitter.<anonymous> (/usr/local/lib/node_modules/npm/lib/utils/lifecycle.js:255:16)
18 verbose stack     at emitTwo (events.js:106:13)
18 verbose stack     at EventEmitter.emit (events.js:191:7)
18 verbose stack     at ChildProcess.<anonymous> (/usr/local/lib/node_modules/npm/lib/utils/spawn.js:40:14)
18 verbose stack     at emitTwo (events.js:106:13)
18 verbose stack     at ChildProcess.emit (events.js:191:7)
18 verbose stack     at maybeClose (internal/child_process.js:877:16)
18 verbose stack     at Process.ChildProcess._handle.onexit (internal/child_process.js:226:5)
19 verbose pkgid neograph-old@1.0.0
20 verbose cwd /Users/julian/Documents/dev/neograph/angular
21 error Darwin 15.6.0
22 error argv "/usr/local/Cellar/node/6.7.0/bin/node" "/usr/local/bin/npm" "run" "dev"
23 error node v6.7.0
24 error npm  v3.10.7
25 error code ELIFECYCLE
26 error neograph-old@1.0.0 dev: `gulp watch`
26 error Exit status 1
27 error Failed at the neograph-old@1.0.0 dev script 'gulp watch'.
27 error Make sure you have the latest version of node.js and npm installed.
27 error If you do, this is most likely a problem with the neograph-old package,
27 error not with npm itself.
27 error Tell the author that this fails on your system:
27 error     gulp watch
27 error You can get information on how to open an issue for this project with:
27 error     npm bugs neograph-old
27 error Or if that isn't available, you can get their info via:
27 error     npm owner ls neograph-old
27 error There is likely additional logging output above.
28 verbose exit [ 1, true ]
